{"/Users/ashidiqidimas/Documents/Programming/web-dev/Course/binar/chapter-13/service-games/service-games/src/database/config/config.js": {"path":"/Users/ashidiqidimas/Documents/Programming/web-dev/Course/binar/chapter-13/service-games/service-games/src/database/config/config.js","statementMap":{"0":{"start":{"line":1,"column":0},"end":{"line":1,"column":27}},"1":{"start":{"line":3,"column":15},"end":{"line":25,"column":1}},"2":{"start":{"line":27,"column":0},"end":{"line":27,"column":24}}},"fnMap":{},"branchMap":{},"s":{"0":7,"1":7,"2":7},"f":{},"b":{},"_coverageSchema":"1a1c01bbd47fc00a2c39e90264f33305004495a9","hash":"8431355461dca3a7fc649d6ba4e5ed5c10032646"}
,"/Users/ashidiqidimas/Documents/Programming/web-dev/Course/binar/chapter-13/service-games/service-games/src/database/models/index.js": {"path":"/Users/ashidiqidimas/Documents/Programming/web-dev/Course/binar/chapter-13/service-games/service-games/src/database/models/index.js","statementMap":{"0":{"start":{"line":3,"column":11},"end":{"line":3,"column":24}},"1":{"start":{"line":4,"column":13},"end":{"line":4,"column":28}},"2":{"start":{"line":5,"column":18},"end":{"line":5,"column":38}},"3":{"start":{"line":6,"column":17},"end":{"line":6,"column":42}},"4":{"start":{"line":7,"column":12},"end":{"line":7,"column":49}},"5":{"start":{"line":8,"column":15},"end":{"line":8,"column":63}},"6":{"start":{"line":9,"column":11},"end":{"line":9,"column":13}},"7":{"start":{"line":12,"column":0},"end":{"line":16,"column":1}},"8":{"start":{"line":13,"column":2},"end":{"line":13,"column":74}},"9":{"start":{"line":15,"column":2},"end":{"line":15,"column":87}},"10":{"start":{"line":18,"column":0},"end":{"line":26,"column":5}},"11":{"start":{"line":21,"column":4},"end":{"line":21,"column":90}},"12":{"start":{"line":24,"column":18},"end":{"line":24,"column":85}},"13":{"start":{"line":25,"column":4},"end":{"line":25,"column":27}},"14":{"start":{"line":28,"column":0},"end":{"line":32,"column":3}},"15":{"start":{"line":29,"column":2},"end":{"line":31,"column":3}},"16":{"start":{"line":30,"column":4},"end":{"line":30,"column":32}},"17":{"start":{"line":34,"column":0},"end":{"line":34,"column":25}},"18":{"start":{"line":35,"column":0},"end":{"line":35,"column":25}},"19":{"start":{"line":37,"column":0},"end":{"line":37,"column":20}}},"fnMap":{"0":{"name":"(anonymous_0)","decl":{"start":{"line":20,"column":10},"end":{"line":20,"column":11}},"loc":{"start":{"line":20,"column":18},"end":{"line":22,"column":3}},"line":20},"1":{"name":"(anonymous_1)","decl":{"start":{"line":23,"column":11},"end":{"line":23,"column":12}},"loc":{"start":{"line":23,"column":19},"end":{"line":26,"column":3}},"line":23},"2":{"name":"(anonymous_2)","decl":{"start":{"line":28,"column":24},"end":{"line":28,"column":25}},"loc":{"start":{"line":28,"column":37},"end":{"line":32,"column":1}},"line":28}},"branchMap":{"0":{"loc":{"start":{"line":7,"column":12},"end":{"line":7,"column":49}},"type":"binary-expr","locations":[{"start":{"line":7,"column":12},"end":{"line":7,"column":32}},{"start":{"line":7,"column":36},"end":{"line":7,"column":49}}],"line":7},"1":{"loc":{"start":{"line":12,"column":0},"end":{"line":16,"column":1}},"type":"if","locations":[{"start":{"line":12,"column":0},"end":{"line":16,"column":1}},{"start":{"line":14,"column":7},"end":{"line":16,"column":1}}],"line":12},"2":{"loc":{"start":{"line":21,"column":11},"end":{"line":21,"column":89}},"type":"binary-expr","locations":[{"start":{"line":21,"column":12},"end":{"line":21,"column":35}},{"start":{"line":21,"column":41},"end":{"line":21,"column":58}},{"start":{"line":21,"column":64},"end":{"line":21,"column":88}}],"line":21},"3":{"loc":{"start":{"line":29,"column":2},"end":{"line":31,"column":3}},"type":"if","locations":[{"start":{"line":29,"column":2},"end":{"line":31,"column":3}},{"start":{},"end":{}}],"line":29}},"s":{"0":7,"1":7,"2":7,"3":7,"4":7,"5":7,"6":7,"7":7,"8":0,"9":7,"10":7,"11":21,"12":14,"13":14,"14":7,"15":14,"16":14,"17":7,"18":7,"19":7},"f":{"0":21,"1":14,"2":14},"b":{"0":[7,0],"1":[0,7],"2":[21,21,14],"3":[14,0]},"_coverageSchema":"1a1c01bbd47fc00a2c39e90264f33305004495a9","hash":"d98d921227365b7b4ae3f84092263eb79bfc08c3"}
,"/Users/ashidiqidimas/Documents/Programming/web-dev/Course/binar/chapter-13/service-games/service-games/src/database/models/room.js": {"path":"/Users/ashidiqidimas/Documents/Programming/web-dev/Course/binar/chapter-13/service-games/service-games/src/database/models/room.js","statementMap":{"0":{"start":{"line":4,"column":4},"end":{"line":4,"column":24}},"1":{"start":{"line":5,"column":0},"end":{"line":37,"column":2}},"2":{"start":{"line":16,"column":2},"end":{"line":35,"column":5}},"3":{"start":{"line":36,"column":2},"end":{"line":36,"column":14}}},"fnMap":{"0":{"name":"(anonymous_0)","decl":{"start":{"line":5,"column":17},"end":{"line":5,"column":18}},"loc":{"start":{"line":5,"column":43},"end":{"line":37,"column":1}},"line":5},"1":{"name":"(anonymous_1)","decl":{"start":{"line":12,"column":4},"end":{"line":12,"column":5}},"loc":{"start":{"line":12,"column":29},"end":{"line":14,"column":5}},"line":12}},"branchMap":{},"s":{"0":7,"1":7,"2":7,"3":7},"f":{"0":7,"1":7},"b":{},"_coverageSchema":"1a1c01bbd47fc00a2c39e90264f33305004495a9","hash":"fa8c67906e10c8db87eea52cfa79e3f80f0a4e8c"}
,"/Users/ashidiqidimas/Documents/Programming/web-dev/Course/binar/chapter-13/service-games/service-games/src/database/models/user.js": {"path":"/Users/ashidiqidimas/Documents/Programming/web-dev/Course/binar/chapter-13/service-games/service-games/src/database/models/user.js","statementMap":{"0":{"start":{"line":4,"column":4},"end":{"line":4,"column":24}},"1":{"start":{"line":6,"column":0},"end":{"line":33,"column":2}},"2":{"start":{"line":17,"column":2},"end":{"line":31,"column":5}},"3":{"start":{"line":32,"column":2},"end":{"line":32,"column":14}}},"fnMap":{"0":{"name":"(anonymous_0)","decl":{"start":{"line":6,"column":17},"end":{"line":6,"column":18}},"loc":{"start":{"line":6,"column":43},"end":{"line":33,"column":1}},"line":6},"1":{"name":"(anonymous_1)","decl":{"start":{"line":13,"column":4},"end":{"line":13,"column":5}},"loc":{"start":{"line":13,"column":29},"end":{"line":15,"column":5}},"line":13}},"branchMap":{},"s":{"0":7,"1":7,"2":7,"3":7},"f":{"0":7,"1":7},"b":{},"_coverageSchema":"1a1c01bbd47fc00a2c39e90264f33305004495a9","hash":"6d51bee0bf3616b6cfe245e5f2c7fc1c143b161b"}
,"/Users/ashidiqidimas/Documents/Programming/web-dev/Course/binar/chapter-13/service-games/service-games/src/game/game.repo.js": {"path":"/Users/ashidiqidimas/Documents/Programming/web-dev/Course/binar/chapter-13/service-games/service-games/src/game/game.repo.js","statementMap":{"0":{"start":{"line":1,"column":17},"end":{"line":1,"column":46}},"1":{"start":{"line":2,"column":17},"end":{"line":2,"column":46}},"2":{"start":{"line":4,"column":17},"end":{"line":6,"column":1}},"3":{"start":{"line":5,"column":2},"end":{"line":5,"column":37}},"4":{"start":{"line":8,"column":17},"end":{"line":10,"column":1}},"5":{"start":{"line":9,"column":2},"end":{"line":9,"column":37}},"6":{"start":{"line":12,"column":19},"end":{"line":21,"column":1}},"7":{"start":{"line":13,"column":2},"end":{"line":17,"column":5}},"8":{"start":{"line":19,"column":15},"end":{"line":19,"column":37}},"9":{"start":{"line":20,"column":2},"end":{"line":20,"column":14}},"10":{"start":{"line":23,"column":24},"end":{"line":32,"column":1}},"11":{"start":{"line":24,"column":15},"end":{"line":30,"column":4}},"12":{"start":{"line":31,"column":2},"end":{"line":31,"column":14}},"13":{"start":{"line":34,"column":17},"end":{"line":39,"column":1}},"14":{"start":{"line":41,"column":0},"end":{"line":41,"column":26}}},"fnMap":{"0":{"name":"(anonymous_0)","decl":{"start":{"line":4,"column":17},"end":{"line":4,"column":18}},"loc":{"start":{"line":4,"column":35},"end":{"line":6,"column":1}},"line":4},"1":{"name":"(anonymous_1)","decl":{"start":{"line":8,"column":17},"end":{"line":8,"column":18}},"loc":{"start":{"line":8,"column":35},"end":{"line":10,"column":1}},"line":8},"2":{"name":"(anonymous_2)","decl":{"start":{"line":12,"column":19},"end":{"line":12,"column":20}},"loc":{"start":{"line":12,"column":51},"end":{"line":21,"column":1}},"line":12},"3":{"name":"(anonymous_3)","decl":{"start":{"line":23,"column":24},"end":{"line":23,"column":25}},"loc":{"start":{"line":23,"column":58},"end":{"line":32,"column":1}},"line":23}},"branchMap":{},"s":{"0":1,"1":1,"2":1,"3":1,"4":1,"5":2,"6":1,"7":1,"8":1,"9":1,"10":1,"11":1,"12":1,"13":1,"14":1},"f":{"0":1,"1":2,"2":1,"3":1},"b":{},"_coverageSchema":"1a1c01bbd47fc00a2c39e90264f33305004495a9","hash":"29a8dbaa50a651b2645bd0313fce1819ae7a9c62"}
,"/Users/ashidiqidimas/Documents/Programming/web-dev/Course/binar/chapter-13/service-games/service-games/src/leaderboard/leaderboard.repository.js": {"path":"/Users/ashidiqidimas/Documents/Programming/web-dev/Course/binar/chapter-13/service-games/service-games/src/leaderboard/leaderboard.repository.js","statementMap":{"0":{"start":{"line":1,"column":17},"end":{"line":1,"column":46}},"1":{"start":{"line":2,"column":15},"end":{"line":2,"column":35}},"2":{"start":{"line":4,"column":19},"end":{"line":16,"column":1}},"3":{"start":{"line":5,"column":2},"end":{"line":15,"column":5}},"4":{"start":{"line":18,"column":24},"end":{"line":20,"column":1}},"5":{"start":{"line":22,"column":0},"end":{"line":22,"column":33}}},"fnMap":{"0":{"name":"(anonymous_0)","decl":{"start":{"line":4,"column":19},"end":{"line":4,"column":20}},"loc":{"start":{"line":4,"column":31},"end":{"line":16,"column":1}},"line":4}},"branchMap":{},"s":{"0":2,"1":2,"2":2,"3":4,"4":2,"5":2},"f":{"0":4},"b":{},"_coverageSchema":"1a1c01bbd47fc00a2c39e90264f33305004495a9","hash":"9cf299f79c49eb7f29aee50967e279eab75b9c38"}
,"/Users/ashidiqidimas/Documents/Programming/web-dev/Course/binar/chapter-13/service-games/service-games/src/leaderboard/leaderboard.service.js": {"path":"/Users/ashidiqidimas/Documents/Programming/web-dev/Course/binar/chapter-13/service-games/service-games/src/leaderboard/leaderboard.service.js","statementMap":{"0":{"start":{"line":1,"column":24},"end":{"line":1,"column":59}},"1":{"start":{"line":3,"column":19},"end":{"line":5,"column":1}},"2":{"start":{"line":4,"column":4},"end":{"line":4,"column":45}},"3":{"start":{"line":7,"column":27},"end":{"line":9,"column":1}},"4":{"start":{"line":11,"column":0},"end":{"line":11,"column":36}}},"fnMap":{"0":{"name":"(anonymous_0)","decl":{"start":{"line":3,"column":19},"end":{"line":3,"column":20}},"loc":{"start":{"line":3,"column":31},"end":{"line":5,"column":1}},"line":3}},"branchMap":{},"s":{"0":1,"1":1,"2":2,"3":1,"4":1},"f":{"0":2},"b":{},"_coverageSchema":"1a1c01bbd47fc00a2c39e90264f33305004495a9","hash":"b169ba28a5143bb9e9851a18f268acef42183396"}
,"/Users/ashidiqidimas/Documents/Programming/web-dev/Course/binar/chapter-13/service-games/service-games/src/room/room.repo.js": {"path":"/Users/ashidiqidimas/Documents/Programming/web-dev/Course/binar/chapter-13/service-games/service-games/src/room/room.repo.js","statementMap":{"0":{"start":{"line":1,"column":17},"end":{"line":1,"column":46}},"1":{"start":{"line":3,"column":25},"end":{"line":7,"column":1}},"2":{"start":{"line":4,"column":2},"end":{"line":6,"column":5}},"3":{"start":{"line":9,"column":19},"end":{"line":16,"column":1}},"4":{"start":{"line":10,"column":19},"end":{"line":10,"column":43}},"5":{"start":{"line":11,"column":2},"end":{"line":15,"column":5}},"6":{"start":{"line":18,"column":19},"end":{"line":45,"column":1}},"7":{"start":{"line":28,"column":2},"end":{"line":44,"column":4}},"8":{"start":{"line":47,"column":24},"end":{"line":59,"column":1}},"9":{"start":{"line":48,"column":2},"end":{"line":58,"column":4}},"10":{"start":{"line":61,"column":19},"end":{"line":63,"column":1}},"11":{"start":{"line":62,"column":2},"end":{"line":62,"column":30}},"12":{"start":{"line":65,"column":17},"end":{"line":67,"column":1}},"13":{"start":{"line":66,"column":2},"end":{"line":66,"column":37}},"14":{"start":{"line":69,"column":17},"end":{"line":76,"column":1}},"15":{"start":{"line":78,"column":0},"end":{"line":78,"column":26}},"16":{"start":{"line":82,"column":25},"end":{"line":92,"column":1}},"17":{"start":{"line":86,"column":2},"end":{"line":89,"column":17}},"18":{"start":{"line":87,"column":4},"end":{"line":87,"column":36}},"19":{"start":{"line":88,"column":4},"end":{"line":88,"column":57}},"20":{"start":{"line":91,"column":2},"end":{"line":91,"column":18}},"21":{"start":{"line":100,"column":17},"end":{"line":100,"column":18}},"22":{"start":{"line":102,"column":15},"end":{"line":102,"column":17}},"23":{"start":{"line":103,"column":21},"end":{"line":103,"column":49}},"24":{"start":{"line":104,"column":25},"end":{"line":104,"column":42}},"25":{"start":{"line":105,"column":2},"end":{"line":108,"column":3}},"26":{"start":{"line":105,"column":15},"end":{"line":105,"column":16}},"27":{"start":{"line":106,"column":4},"end":{"line":107,"column":25}},"28":{"start":{"line":109,"column":2},"end":{"line":109,"column":16}}},"fnMap":{"0":{"name":"(anonymous_0)","decl":{"start":{"line":3,"column":25},"end":{"line":3,"column":26}},"loc":{"start":{"line":3,"column":49},"end":{"line":7,"column":1}},"line":3},"1":{"name":"(anonymous_1)","decl":{"start":{"line":9,"column":19},"end":{"line":9,"column":20}},"loc":{"start":{"line":9,"column":55},"end":{"line":16,"column":1}},"line":9},"2":{"name":"(anonymous_2)","decl":{"start":{"line":18,"column":19},"end":{"line":18,"column":20}},"loc":{"start":{"line":27,"column":5},"end":{"line":45,"column":1}},"line":27},"3":{"name":"(anonymous_3)","decl":{"start":{"line":47,"column":24},"end":{"line":47,"column":25}},"loc":{"start":{"line":47,"column":55},"end":{"line":59,"column":1}},"line":47},"4":{"name":"(anonymous_4)","decl":{"start":{"line":61,"column":19},"end":{"line":61,"column":20}},"loc":{"start":{"line":61,"column":31},"end":{"line":63,"column":1}},"line":61},"5":{"name":"(anonymous_5)","decl":{"start":{"line":65,"column":17},"end":{"line":65,"column":18}},"loc":{"start":{"line":65,"column":35},"end":{"line":67,"column":1}},"line":65},"6":{"name":"(anonymous_6)","decl":{"start":{"line":82,"column":25},"end":{"line":82,"column":26}},"loc":{"start":{"line":82,"column":37},"end":{"line":92,"column":1}},"line":82},"7":{"name":"createRandomString","decl":{"start":{"line":99,"column":9},"end":{"line":99,"column":27}},"loc":{"start":{"line":99,"column":30},"end":{"line":110,"column":1}},"line":99}},"branchMap":{},"s":{"0":2,"1":2,"2":4,"3":2,"4":2,"5":2,"6":2,"7":2,"8":2,"9":2,"10":2,"11":2,"12":2,"13":8,"14":2,"15":2,"16":2,"17":2,"18":2,"19":2,"20":2,"21":2,"22":2,"23":2,"24":2,"25":2,"26":2,"27":10,"28":2},"f":{"0":4,"1":2,"2":2,"3":2,"4":2,"5":8,"6":2,"7":2},"b":{},"_coverageSchema":"1a1c01bbd47fc00a2c39e90264f33305004495a9","hash":"c49b2f4ad6def8711ee84e3df3f5d19adc580da6"}
,"/Users/ashidiqidimas/Documents/Programming/web-dev/Course/binar/chapter-13/service-games/service-games/src/room/room.service.js": {"path":"/Users/ashidiqidimas/Documents/Programming/web-dev/Course/binar/chapter-13/service-games/service-games/src/room/room.service.js","statementMap":{"0":{"start":{"line":1,"column":17},"end":{"line":1,"column":39}},"1":{"start":{"line":3,"column":19},"end":{"line":16,"column":1}},"2":{"start":{"line":4,"column":2},"end":{"line":15,"column":5}},"3":{"start":{"line":5,"column":4},"end":{"line":14,"column":5}},"4":{"start":{"line":6,"column":22},"end":{"line":8,"column":8}},"5":{"start":{"line":9,"column":6},"end":{"line":9,"column":23}},"6":{"start":{"line":11,"column":20},"end":{"line":11,"column":21}},"7":{"start":{"line":12,"column":6},"end":{"line":12,"column":23}},"8":{"start":{"line":13,"column":6},"end":{"line":13,"column":20}},"9":{"start":{"line":18,"column":19},"end":{"line":29,"column":1}},"10":{"start":{"line":19,"column":2},"end":{"line":28,"column":5}},"11":{"start":{"line":20,"column":17},"end":{"line":20,"column":44}},"12":{"start":{"line":21,"column":4},"end":{"line":27,"column":5}},"13":{"start":{"line":22,"column":6},"end":{"line":22,"column":20}},"14":{"start":{"line":24,"column":20},"end":{"line":24,"column":46}},"15":{"start":{"line":25,"column":6},"end":{"line":25,"column":23}},"16":{"start":{"line":26,"column":6},"end":{"line":26,"column":20}},"17":{"start":{"line":31,"column":17},"end":{"line":42,"column":1}},"18":{"start":{"line":32,"column":2},"end":{"line":41,"column":5}},"19":{"start":{"line":33,"column":17},"end":{"line":33,"column":48}},"20":{"start":{"line":34,"column":4},"end":{"line":40,"column":5}},"21":{"start":{"line":35,"column":6},"end":{"line":35,"column":20}},"22":{"start":{"line":37,"column":20},"end":{"line":37,"column":47}},"23":{"start":{"line":38,"column":6},"end":{"line":38,"column":23}},"24":{"start":{"line":39,"column":6},"end":{"line":39,"column":20}},"25":{"start":{"line":44,"column":18},"end":{"line":55,"column":1}},"26":{"start":{"line":45,"column":2},"end":{"line":54,"column":5}},"27":{"start":{"line":46,"column":17},"end":{"line":46,"column":62}},"28":{"start":{"line":47,"column":4},"end":{"line":53,"column":5}},"29":{"start":{"line":48,"column":6},"end":{"line":48,"column":20}},"30":{"start":{"line":50,"column":20},"end":{"line":50,"column":47}},"31":{"start":{"line":51,"column":6},"end":{"line":51,"column":23}},"32":{"start":{"line":52,"column":6},"end":{"line":52,"column":20}},"33":{"start":{"line":57,"column":19},"end":{"line":93,"column":1}},"34":{"start":{"line":67,"column":2},"end":{"line":92,"column":5}},"35":{"start":{"line":68,"column":4},"end":{"line":91,"column":5}},"36":{"start":{"line":69,"column":19},"end":{"line":78,"column":7}},"37":{"start":{"line":79,"column":6},"end":{"line":85,"column":7}},"38":{"start":{"line":80,"column":8},"end":{"line":80,"column":22}},"39":{"start":{"line":82,"column":22},"end":{"line":82,"column":49}},"40":{"start":{"line":83,"column":8},"end":{"line":83,"column":25}},"41":{"start":{"line":84,"column":8},"end":{"line":84,"column":22}},"42":{"start":{"line":87,"column":20},"end":{"line":87,"column":61}},"43":{"start":{"line":88,"column":6},"end":{"line":88,"column":21}},"44":{"start":{"line":89,"column":6},"end":{"line":89,"column":23}},"45":{"start":{"line":90,"column":6},"end":{"line":90,"column":20}},"46":{"start":{"line":95,"column":24},"end":{"line":113,"column":1}},"47":{"start":{"line":96,"column":2},"end":{"line":112,"column":5}},"48":{"start":{"line":97,"column":4},"end":{"line":111,"column":5}},"49":{"start":{"line":98,"column":19},"end":{"line":98,"column":70}},"50":{"start":{"line":99,"column":6},"end":{"line":105,"column":7}},"51":{"start":{"line":100,"column":8},"end":{"line":100,"column":22}},"52":{"start":{"line":102,"column":22},"end":{"line":102,"column":49}},"53":{"start":{"line":103,"column":8},"end":{"line":103,"column":25}},"54":{"start":{"line":104,"column":8},"end":{"line":104,"column":22}},"55":{"start":{"line":107,"column":20},"end":{"line":107,"column":61}},"56":{"start":{"line":108,"column":6},"end":{"line":108,"column":21}},"57":{"start":{"line":109,"column":6},"end":{"line":109,"column":23}},"58":{"start":{"line":110,"column":6},"end":{"line":110,"column":20}},"59":{"start":{"line":115,"column":20},"end":{"line":122,"column":1}},"60":{"start":{"line":124,"column":0},"end":{"line":124,"column":29}}},"fnMap":{"0":{"name":"(anonymous_0)","decl":{"start":{"line":3,"column":19},"end":{"line":3,"column":20}},"loc":{"start":{"line":3,"column":55},"end":{"line":16,"column":1}},"line":3},"1":{"name":"(anonymous_1)","decl":{"start":{"line":4,"column":21},"end":{"line":4,"column":22}},"loc":{"start":{"line":4,"column":48},"end":{"line":15,"column":3}},"line":4},"2":{"name":"(anonymous_2)","decl":{"start":{"line":18,"column":19},"end":{"line":18,"column":20}},"loc":{"start":{"line":18,"column":31},"end":{"line":29,"column":1}},"line":18},"3":{"name":"(anonymous_3)","decl":{"start":{"line":19,"column":21},"end":{"line":19,"column":22}},"loc":{"start":{"line":19,"column":48},"end":{"line":28,"column":3}},"line":19},"4":{"name":"(anonymous_4)","decl":{"start":{"line":31,"column":17},"end":{"line":31,"column":18}},"loc":{"start":{"line":31,"column":35},"end":{"line":42,"column":1}},"line":31},"5":{"name":"(anonymous_5)","decl":{"start":{"line":32,"column":21},"end":{"line":32,"column":22}},"loc":{"start":{"line":32,"column":48},"end":{"line":41,"column":3}},"line":32},"6":{"name":"(anonymous_6)","decl":{"start":{"line":44,"column":18},"end":{"line":44,"column":19}},"loc":{"start":{"line":44,"column":42},"end":{"line":55,"column":1}},"line":44},"7":{"name":"(anonymous_7)","decl":{"start":{"line":45,"column":21},"end":{"line":45,"column":22}},"loc":{"start":{"line":45,"column":48},"end":{"line":54,"column":3}},"line":45},"8":{"name":"(anonymous_8)","decl":{"start":{"line":57,"column":19},"end":{"line":57,"column":20}},"loc":{"start":{"line":66,"column":5},"end":{"line":93,"column":1}},"line":66},"9":{"name":"(anonymous_9)","decl":{"start":{"line":67,"column":21},"end":{"line":67,"column":22}},"loc":{"start":{"line":67,"column":48},"end":{"line":92,"column":3}},"line":67},"10":{"name":"(anonymous_10)","decl":{"start":{"line":95,"column":24},"end":{"line":95,"column":25}},"loc":{"start":{"line":95,"column":55},"end":{"line":113,"column":1}},"line":95},"11":{"name":"(anonymous_11)","decl":{"start":{"line":96,"column":21},"end":{"line":96,"column":22}},"loc":{"start":{"line":96,"column":48},"end":{"line":112,"column":3}},"line":96}},"branchMap":{"0":{"loc":{"start":{"line":21,"column":4},"end":{"line":27,"column":5}},"type":"if","locations":[{"start":{"line":21,"column":4},"end":{"line":27,"column":5}},{"start":{"line":23,"column":11},"end":{"line":27,"column":5}}],"line":21},"1":{"loc":{"start":{"line":34,"column":4},"end":{"line":40,"column":5}},"type":"if","locations":[{"start":{"line":34,"column":4},"end":{"line":40,"column":5}},{"start":{"line":36,"column":11},"end":{"line":40,"column":5}}],"line":34},"2":{"loc":{"start":{"line":47,"column":4},"end":{"line":53,"column":5}},"type":"if","locations":[{"start":{"line":47,"column":4},"end":{"line":53,"column":5}},{"start":{"line":49,"column":11},"end":{"line":53,"column":5}}],"line":47},"3":{"loc":{"start":{"line":79,"column":6},"end":{"line":85,"column":7}},"type":"if","locations":[{"start":{"line":79,"column":6},"end":{"line":85,"column":7}},{"start":{"line":81,"column":13},"end":{"line":85,"column":7}}],"line":79},"4":{"loc":{"start":{"line":99,"column":6},"end":{"line":105,"column":7}},"type":"if","locations":[{"start":{"line":99,"column":6},"end":{"line":105,"column":7}},{"start":{"line":101,"column":13},"end":{"line":105,"column":7}}],"line":99}},"s":{"0":1,"1":1,"2":2,"3":2,"4":2,"5":1,"6":1,"7":1,"8":1,"9":1,"10":2,"11":2,"12":2,"13":1,"14":1,"15":1,"16":1,"17":1,"18":1,"19":1,"20":1,"21":1,"22":0,"23":0,"24":0,"25":1,"26":2,"27":2,"28":2,"29":1,"30":1,"31":1,"32":1,"33":1,"34":1,"35":1,"36":1,"37":1,"38":1,"39":0,"40":0,"41":0,"42":0,"43":0,"44":0,"45":0,"46":1,"47":1,"48":1,"49":1,"50":1,"51":1,"52":0,"53":0,"54":0,"55":0,"56":0,"57":0,"58":0,"59":1,"60":1},"f":{"0":2,"1":2,"2":2,"3":2,"4":1,"5":1,"6":2,"7":2,"8":1,"9":1,"10":1,"11":1},"b":{"0":[1,1],"1":[1,0],"2":[1,1],"3":[1,0],"4":[1,0]},"_coverageSchema":"1a1c01bbd47fc00a2c39e90264f33305004495a9","hash":"dcd3dee3d2eeb8d50e51f4f18409e2f04a19a462"}
,"/Users/ashidiqidimas/Documents/Programming/web-dev/Course/binar/chapter-13/service-games/service-games/src/user/user.repository.js": {"path":"/Users/ashidiqidimas/Documents/Programming/web-dev/Course/binar/chapter-13/service-games/service-games/src/user/user.repository.js","statementMap":{"0":{"start":{"line":1,"column":17},"end":{"line":1,"column":39}},"1":{"start":{"line":2,"column":17},"end":{"line":2,"column":46}},"2":{"start":{"line":4,"column":19},"end":{"line":15,"column":1}},"3":{"start":{"line":5,"column":23},"end":{"line":5,"column":74}},"4":{"start":{"line":6,"column":2},"end":{"line":14,"column":3}},"5":{"start":{"line":7,"column":4},"end":{"line":11,"column":7}},"6":{"start":{"line":13,"column":4},"end":{"line":13,"column":48}},"7":{"start":{"line":17,"column":16},"end":{"line":19,"column":1}},"8":{"start":{"line":18,"column":2},"end":{"line":18,"column":62}},"9":{"start":{"line":21,"column":21},"end":{"line":23,"column":1}},"10":{"start":{"line":22,"column":2},"end":{"line":22,"column":61}},"11":{"start":{"line":25,"column":23},"end":{"line":27,"column":1}},"12":{"start":{"line":26,"column":2},"end":{"line":26,"column":62}},"13":{"start":{"line":29,"column":19},"end":{"line":43,"column":1}},"14":{"start":{"line":30,"column":2},"end":{"line":42,"column":4}},"15":{"start":{"line":45,"column":23},"end":{"line":57,"column":1}},"16":{"start":{"line":46,"column":2},"end":{"line":56,"column":4}},"17":{"start":{"line":59,"column":23},"end":{"line":66,"column":1}},"18":{"start":{"line":68,"column":0},"end":{"line":68,"column":32}}},"fnMap":{"0":{"name":"(anonymous_0)","decl":{"start":{"line":4,"column":19},"end":{"line":4,"column":20}},"loc":{"start":{"line":4,"column":60},"end":{"line":15,"column":1}},"line":4},"1":{"name":"(anonymous_1)","decl":{"start":{"line":17,"column":16},"end":{"line":17,"column":17}},"loc":{"start":{"line":17,"column":38},"end":{"line":19,"column":1}},"line":17},"2":{"name":"(anonymous_2)","decl":{"start":{"line":21,"column":21},"end":{"line":21,"column":22}},"loc":{"start":{"line":21,"column":42},"end":{"line":23,"column":1}},"line":21},"3":{"name":"(anonymous_3)","decl":{"start":{"line":25,"column":23},"end":{"line":25,"column":24}},"loc":{"start":{"line":25,"column":45},"end":{"line":27,"column":1}},"line":25},"4":{"name":"(anonymous_4)","decl":{"start":{"line":29,"column":19},"end":{"line":29,"column":20}},"loc":{"start":{"line":29,"column":68},"end":{"line":43,"column":1}},"line":29},"5":{"name":"(anonymous_5)","decl":{"start":{"line":45,"column":23},"end":{"line":45,"column":24}},"loc":{"start":{"line":45,"column":55},"end":{"line":57,"column":1}},"line":45}},"branchMap":{"0":{"loc":{"start":{"line":6,"column":2},"end":{"line":14,"column":3}},"type":"if","locations":[{"start":{"line":6,"column":2},"end":{"line":14,"column":3}},{"start":{"line":12,"column":9},"end":{"line":14,"column":3}}],"line":6}},"s":{"0":3,"1":3,"2":3,"3":4,"4":4,"5":2,"6":2,"7":3,"8":5,"9":3,"10":1,"11":3,"12":4,"13":3,"14":2,"15":3,"16":2,"17":3,"18":3},"f":{"0":4,"1":5,"2":1,"3":4,"4":2,"5":2},"b":{"0":[2,2]},"_coverageSchema":"1a1c01bbd47fc00a2c39e90264f33305004495a9","hash":"d99dfa00e81874d2f86ce0b3a7f65fbe58f9ec9b"}
,"/Users/ashidiqidimas/Documents/Programming/web-dev/Course/binar/chapter-13/service-games/service-games/src/user/user.service.js": {"path":"/Users/ashidiqidimas/Documents/Programming/web-dev/Course/binar/chapter-13/service-games/service-games/src/user/user.service.js","statementMap":{"0":{"start":{"line":1,"column":17},"end":{"line":1,"column":45}},"1":{"start":{"line":2,"column":15},"end":{"line":2,"column":32}},"2":{"start":{"line":3,"column":18},"end":{"line":3,"column":20}},"3":{"start":{"line":5,"column":19},"end":{"line":13,"column":1}},"4":{"start":{"line":6,"column":23},"end":{"line":6,"column":61}},"5":{"start":{"line":8,"column":2},"end":{"line":12,"column":5}},"6":{"start":{"line":15,"column":23},"end":{"line":19,"column":1}},"7":{"start":{"line":16,"column":2},"end":{"line":18,"column":5}},"8":{"start":{"line":21,"column":19},"end":{"line":29,"column":1}},"9":{"start":{"line":22,"column":23},"end":{"line":22,"column":61}},"10":{"start":{"line":23,"column":2},"end":{"line":28,"column":5}},"11":{"start":{"line":31,"column":22},"end":{"line":37,"column":1}},"12":{"start":{"line":32,"column":23},"end":{"line":32,"column":61}},"13":{"start":{"line":33,"column":2},"end":{"line":36,"column":5}},"14":{"start":{"line":39,"column":20},"end":{"line":44,"column":1}},"15":{"start":{"line":46,"column":0},"end":{"line":46,"column":29}}},"fnMap":{"0":{"name":"(anonymous_0)","decl":{"start":{"line":5,"column":19},"end":{"line":5,"column":20}},"loc":{"start":{"line":5,"column":60},"end":{"line":13,"column":1}},"line":5},"1":{"name":"(anonymous_1)","decl":{"start":{"line":15,"column":23},"end":{"line":15,"column":24}},"loc":{"start":{"line":15,"column":45},"end":{"line":19,"column":1}},"line":15},"2":{"name":"(anonymous_2)","decl":{"start":{"line":21,"column":19},"end":{"line":21,"column":20}},"loc":{"start":{"line":21,"column":68},"end":{"line":29,"column":1}},"line":21},"3":{"name":"(anonymous_3)","decl":{"start":{"line":31,"column":22},"end":{"line":31,"column":23}},"loc":{"start":{"line":31,"column":71},"end":{"line":37,"column":1}},"line":31}},"branchMap":{},"s":{"0":1,"1":1,"2":1,"3":1,"4":1,"5":1,"6":1,"7":1,"8":1,"9":1,"10":1,"11":1,"12":1,"13":1,"14":1,"15":1},"f":{"0":1,"1":1,"2":1,"3":1},"b":{},"_coverageSchema":"1a1c01bbd47fc00a2c39e90264f33305004495a9","hash":"224faaf50750199839f557fb6586b4d0119f59cb"}
}
